Build started 5/5/2016 7:45:46 PM.
     1>Project "C:\Users\Kevin\Downloads\FinalProject\NYUCodebase\NYUCodebase.vcxproj" on node 2 (Build target(s)).
     1>ClCompile:
         C:\Program Files (x86)\Microsoft Visual Studio 12.0\VC\bin\CL.exe /c /IC:\SDL2\include /IC:\SDL2_image\include /IC:\glew\include /IC:\SDL2_mixer\include /IC:\SDL2_mixer\include /ZI /nologo /W3 /WX- /sdl /Od /Oy- /D _WINDOWS /D _MBCS /D _MBCS /Gm /EHsc /RTC1 /MDd /GS /fp:precise /Zc:wchar_t /Zc:forScope /Fo"Debug\\" /Fd"Debug\vc120.pdb" /Gd /TP /analyze- /errorReport:prompt platformer.cpp
         platformer.cpp
     1>c:\users\kevin\downloads\finalproject\nyucodebase\platformer.cpp(120): warning C4244: 'return' : conversion from 'double' to 'float', possible loss of data
     1>c:\users\kevin\downloads\finalproject\nyucodebase\platformer.cpp(140): warning C4305: 'initializing' : truncation from 'double' to 'float'
     1>c:\users\kevin\downloads\finalproject\nyucodebase\platformer.cpp(174): warning C4305: '=' : truncation from 'double' to 'float'
     1>c:\users\kevin\downloads\finalproject\nyucodebase\platformer.cpp(180): warning C4305: '=' : truncation from 'double' to 'float'
     1>c:\users\kevin\downloads\finalproject\nyucodebase\platformer.cpp(243): warning C4244: 'initializing' : conversion from 'double' to 'float', possible loss of data
     1>c:\users\kevin\downloads\finalproject\nyucodebase\platformer.cpp(244): warning C4244: 'initializing' : conversion from 'double' to 'float', possible loss of data
     1>c:\users\kevin\downloads\finalproject\nyucodebase\platformer.cpp(672): warning C4244: '=' : conversion from 'double' to 'float', possible loss of data
     1>c:\users\kevin\downloads\finalproject\nyucodebase\platformer.cpp(695): warning C4244: 'argument' : conversion from 'double' to 'float', possible loss of data
     1>c:\users\kevin\downloads\finalproject\nyucodebase\platformer.cpp(711): warning C4244: 'argument' : conversion from 'double' to 'float', possible loss of data
     1>c:\users\kevin\downloads\finalproject\nyucodebase\platformer.cpp(720): warning C4305: '=' : truncation from 'double' to 'float'
     1>c:\users\kevin\downloads\finalproject\nyucodebase\platformer.cpp(724): warning C4244: 'argument' : conversion from 'double' to 'float', possible loss of data
     1>c:\users\kevin\downloads\finalproject\nyucodebase\platformer.cpp(736): warning C4305: '=' : truncation from 'double' to 'float'
     1>c:\users\kevin\downloads\finalproject\nyucodebase\platformer.cpp(740): warning C4244: 'argument' : conversion from 'double' to 'float', possible loss of data
     1>c:\users\kevin\downloads\finalproject\nyucodebase\platformer.cpp(754): warning C4305: '-=' : truncation from 'double' to 'float'
     1>c:\users\kevin\downloads\finalproject\nyucodebase\platformer.cpp(758): warning C4244: 'argument' : conversion from 'double' to 'float', possible loss of data
     1>c:\users\kevin\downloads\finalproject\nyucodebase\platformer.cpp(774): warning C4244: 'argument' : conversion from 'float' to 'int', possible loss of data
     1>c:\users\kevin\downloads\finalproject\nyucodebase\platformer.cpp(584): warning C4018: '<' : signed/unsigned mismatch
                 c:\users\kevin\downloads\finalproject\nyucodebase\platformer.cpp(788) : see reference to function template instantiation 'void clearTheHeap<Tile>(std::vector<Tile *,std::allocator<_Ty>> &)' being compiled
                 with
                 [
                     _Ty=Tile *
                 ]
       Link:
         C:\Program Files (x86)\Microsoft Visual Studio 12.0\VC\bin\link.exe /ERRORREPORT:PROMPT /OUT:"C:\Users\Kevin\Downloads\FinalProject\Debug\NYUCodebase.exe" /INCREMENTAL /NOLOGO /LIBPATH:C:\SDL2_mixer\lib\x86 /LIBPATH:C:\SDL2\lib\x86 /LIBPATH:C:\SDL2_image\lib\x86 /LIBPATH:C:\glew\lib\Release\Win32 /LIBPATH:C:\SDL2_mixer\lib\x86 SDL2.lib SDL2_mixer.lib glew32.lib SDL2main.lib SDL2_image.lib OpenGL32.lib SDL2_mixer.lib /MANIFEST /MANIFESTUAC:"level='asInvoker' uiAccess='false'" /manifest:embed /DEBUG /PDB:"C:\Users\Kevin\Downloads\FinalProject\Debug\NYUCodebase.pdb" /SUBSYSTEM:WINDOWS /TLBID:1 /DYNAMICBASE /NXCOMPAT /IMPLIB:"C:\Users\Kevin\Downloads\FinalProject\Debug\NYUCodebase.lib" /MACHINE:X86 Debug\backup.obj
         Debug\ClassDefGame.obj
         Debug\Matrix.obj
         Debug\platformer.obj
         Debug\processData.obj
         Debug\ShaderProgram.obj
     1>MSVCRTD.lib(cinitexe.obj) : warning LNK4098: defaultlib 'msvcrt.lib' conflicts with use of other libs; use /NODEFAULTLIB:library
         NYUCodebase.vcxproj -> C:\Users\Kevin\Downloads\FinalProject\Debug\NYUCodebase.exe
     1>Done Building Project "C:\Users\Kevin\Downloads\FinalProject\NYUCodebase\NYUCodebase.vcxproj" (Build target(s)).

Build succeeded.

Time Elapsed 00:00:02.61
